2014/02/26 22:51:52 [error] [exception.CHttpException.404] exception 'CHttpException' with message 'La vista solicitada "index" no fue encontrada.' in /www/html/sistemaici/yii/framework/web/actions/CViewAction.php:112
Stack trace:
#0 /www/html/sistemaici/yii/framework/web/actions/CViewAction.php(123): CViewAction->resolveView('index')
#1 /www/html/sistemaici/yii/framework/web/actions/CAction.php(76): CViewAction->run()
#2 /www/html/sistemaici/yii/framework/web/CController.php(308): CAction->runWithParams(Array)
#3 /www/html/sistemaici/yii/framework/web/CController.php(286): CController->runAction(Object(CViewAction))
#4 /www/html/sistemaici/yii/framework/web/CController.php(265): CController->runActionWithFilters(Object(CViewAction), Array)
#5 /www/html/sistemaici/yii/framework/web/CWebApplication.php(282): CController->run('page')
#6 /www/html/sistemaici/yii/framework/web/CWebApplication.php(141): CWebApplication->runController('site/page/Progr...')
#7 /www/html/sistemaici/yii/framework/base/CApplication.php(169): CWebApplication->processRequest()
#8 /www/html/sistemaici/ici/index.php(13): CApplication->run()
#9 {main}
REQUEST_URI=/sistemaici/ici/index.php/site/page/Programa%20F%C3%ADsica%20I.pdf
HTTP_REFERER=http://arrau.chillan.ubiobio.cl/sistemaici/ici/index.php/site/page/xOTdWgCJ6EZ68Srq4jpyo20FFd3PGx8jDZX5AYZy2ao
---
2014/02/26 22:51:59 [error] [exception.CHttpException.404] exception 'CHttpException' with message 'La vista solicitada "index" no fue encontrada.' in /www/html/sistemaici/yii/framework/web/actions/CViewAction.php:112
Stack trace:
#0 /www/html/sistemaici/yii/framework/web/actions/CViewAction.php(123): CViewAction->resolveView('index')
#1 /www/html/sistemaici/yii/framework/web/actions/CAction.php(76): CViewAction->run()
#2 /www/html/sistemaici/yii/framework/web/CController.php(308): CAction->runWithParams(Array)
#3 /www/html/sistemaici/yii/framework/web/CController.php(286): CController->runAction(Object(CViewAction))
#4 /www/html/sistemaici/yii/framework/web/CController.php(265): CController->runActionWithFilters(Object(CViewAction), Array)
#5 /www/html/sistemaici/yii/framework/web/CWebApplication.php(282): CController->run('page')
#6 /www/html/sistemaici/yii/framework/web/CWebApplication.php(141): CWebApplication->runController('site/page/Progr...')
#7 /www/html/sistemaici/yii/framework/base/CApplication.php(169): CWebApplication->processRequest()
#8 /www/html/sistemaici/ici/index.php(13): CApplication->run()
#9 {main}
REQUEST_URI=/sistemaici/ici/index.php/site/page/Programa%20F%C3%ADsica%20I.pdf
HTTP_REFERER=http://arrau.chillan.ubiobio.cl/sistemaici/ici/index.php/site/page/xOTdWgCJ6EZ68Srq4jpyo20FFd3PGx8jDZX5AYZy2ao
---
2014/02/26 22:52:04 [error] [exception.CHttpException.404] exception 'CHttpException' with message 'La vista solicitada "index" no fue encontrada.' in /www/html/sistemaici/yii/framework/web/actions/CViewAction.php:112
Stack trace:
#0 /www/html/sistemaici/yii/framework/web/actions/CViewAction.php(123): CViewAction->resolveView('index')
#1 /www/html/sistemaici/yii/framework/web/actions/CAction.php(76): CViewAction->run()
#2 /www/html/sistemaici/yii/framework/web/CController.php(308): CAction->runWithParams(Array)
#3 /www/html/sistemaici/yii/framework/web/CController.php(286): CController->runAction(Object(CViewAction))
#4 /www/html/sistemaici/yii/framework/web/CController.php(265): CController->runActionWithFilters(Object(CViewAction), Array)
#5 /www/html/sistemaici/yii/framework/web/CWebApplication.php(282): CController->run('page')
#6 /www/html/sistemaici/yii/framework/web/CWebApplication.php(141): CWebApplication->runController('site/page/Progr...')
#7 /www/html/sistemaici/yii/framework/base/CApplication.php(169): CWebApplication->processRequest()
#8 /www/html/sistemaici/ici/index.php(13): CApplication->run()
#9 {main}
REQUEST_URI=/sistemaici/ici/index.php/site/page/Programa%20Dise%C3%B1o%20y%20Construccion%20de%20Algoritmos.pdf
HTTP_REFERER=http://arrau.chillan.ubiobio.cl/sistemaici/ici/index.php/site/page/xOTdWgCJ6EZ68Srq4jpyo20FFd3PGx8jDZX5AYZy2ao
---
2014/02/26 22:53:55 [error] [exception.CHttpException.404] exception 'CHttpException' with message 'La vista solicitada "index" no fue encontrada.' in /www/html/sistemaici/yii/framework/web/actions/CViewAction.php:112
Stack trace:
#0 /www/html/sistemaici/yii/framework/web/actions/CViewAction.php(123): CViewAction->resolveView('index')
#1 /www/html/sistemaici/yii/framework/web/actions/CAction.php(76): CViewAction->run()
#2 /www/html/sistemaici/yii/framework/web/CController.php(308): CAction->runWithParams(Array)
#3 /www/html/sistemaici/yii/framework/web/CController.php(286): CController->runAction(Object(CViewAction))
#4 /www/html/sistemaici/yii/framework/web/CController.php(265): CController->runActionWithFilters(Object(CViewAction), Array)
#5 /www/html/sistemaici/yii/framework/web/CWebApplication.php(282): CController->run('page')
#6 /www/html/sistemaici/yii/framework/web/CWebApplication.php(141): CWebApplication->runController('site/page/Progr...')
#7 /www/html/sistemaici/yii/framework/base/CApplication.php(169): CWebApplication->processRequest()
#8 /www/html/sistemaici/ici/index.php(13): CApplication->run()
#9 {main}
REQUEST_URI=/sistemaici/ici/index.php/site/page/Programa%20Paradigmas%20de%20Programaci%C3%B3n.pdf
HTTP_REFERER=http://arrau.chillan.ubiobio.cl/sistemaici/ici/index.php/site/page/xOTdWgCJ6EZ68Srq4jpyo20FFd3PGx8jDZX5AYZy2ao
---
2014/02/26 23:48:51 [error] [exception.CException] exception 'CException' with message 'Propiedad "Preinscripcion"."id_inscripcion" no se encuentra definida.' in /www/html/sistemaici/yii/framework/base/CComponent.php:130
Stack trace:
#0 /www/html/sistemaici/yii/framework/db/ar/CActiveRecord.php(143): CComponent->__get('id_inscripcion')
#1 /www/html/sistemaici/ici/protected/views/preinscripcion/view.php(26): CActiveRecord->__get('id_inscripcion')
#2 /www/html/sistemaici/yii/framework/web/CBaseController.php(126): require('/www/html/siste...')
#3 /www/html/sistemaici/yii/framework/web/CBaseController.php(95): CBaseController->renderInternal('/www/html/siste...', Array, true)
#4 /www/html/sistemaici/yii/framework/web/CController.php(869): CBaseController->renderFile('/www/html/siste...', Array, true)
#5 /www/html/sistemaici/ici/protected/controllers/PreinscripcionController.php(53): CController->renderPartial('view', Array, false, true)
#6 [internal function]: PreinscripcionController->actionView('9')
#7 /www/html/sistemaici/yii/framework/web/actions/CAction.php(108): ReflectionMethod->invokeArgs(Object(PreinscripcionController), Array)
#8 /www/html/sistemaici/yii/framework/web/actions/CInlineAction.php(47): CAction->runWithParamsInternal(Object(PreinscripcionController), Object(ReflectionMethod), Array)
#9 /www/html/sistemaici/yii/framework/web/CController.php(308): CInlineAction->runWithParams(Array)
#10 /www/html/sistemaici/yii/framework/web/filters/CFilterChain.php(133): CController->runAction(Object(CInlineAction))
#11 /www/html/sistemaici/yii/framework/web/filters/CFilter.php(40): CFilterChain->run()
#12 /www/html/sistemaici/yii/framework/web/CController.php(1145): CFilter->filter(Object(CFilterChain))
#13 /www/html/sistemaici/yii/framework/web/filters/CInlineFilter.php(58): CController->filterAccessControl(Object(CFilterChain))
#14 /www/html/sistemaici/yii/framework/web/filters/CFilterChain.php(130): CInlineFilter->filter(Object(CFilterChain))
#15 /www/html/sistemaici/yii/framework/web/CController.php(291): CFilterChain->run()
#16 /www/html/sistemaici/yii/framework/web/CController.php(265): CController->runActionWithFilters(Object(CInlineAction), Array)
#17 /www/html/sistemaici/yii/framework/web/CWebApplication.php(282): CController->run('view')
#18 /www/html/sistemaici/yii/framework/web/CWebApplication.php(141): CWebApplication->runController('preinscripcion/...')
#19 /www/html/sistemaici/yii/framework/base/CApplication.php(169): CWebApplication->processRequest()
#20 /www/html/sistemaici/ici/index.php(13): CApplication->run()
#21 {main}
REQUEST_URI=/sistemaici/ici/index.php/preinscripcion/view/qUWj3l_pGfjhg4quyptdCMAfGKeWn7YL6-EN3ql56Qw
HTTP_REFERER=http://arrau.chillan.ubiobio.cl/sistemaici/ici/index.php/preinscripcion/index/
---
2014/02/26 23:49:07 [error] [exception.CException] exception 'CException' with message 'Propiedad "Preinscripcion"."id_inscripcion" no se encuentra definida.' in /www/html/sistemaici/yii/framework/base/CComponent.php:130
Stack trace:
#0 /www/html/sistemaici/yii/framework/db/ar/CActiveRecord.php(143): CComponent->__get('id_inscripcion')
#1 /www/html/sistemaici/ici/protected/views/preinscripcion/view.php(26): CActiveRecord->__get('id_inscripcion')
#2 /www/html/sistemaici/yii/framework/web/CBaseController.php(126): require('/www/html/siste...')
#3 /www/html/sistemaici/yii/framework/web/CBaseController.php(95): CBaseController->renderInternal('/www/html/siste...', Array, true)
#4 /www/html/sistemaici/yii/framework/web/CController.php(869): CBaseController->renderFile('/www/html/siste...', Array, true)
#5 /www/html/sistemaici/ici/protected/controllers/PreinscripcionController.php(53): CController->renderPartial('view', Array, false, true)
#6 [internal function]: PreinscripcionController->actionView('9')
#7 /www/html/sistemaici/yii/framework/web/actions/CAction.php(108): ReflectionMethod->invokeArgs(Object(PreinscripcionController), Array)
#8 /www/html/sistemaici/yii/framework/web/actions/CInlineAction.php(47): CAction->runWithParamsInternal(Object(PreinscripcionController), Object(ReflectionMethod), Array)
#9 /www/html/sistemaici/yii/framework/web/CController.php(308): CInlineAction->runWithParams(Array)
#10 /www/html/sistemaici/yii/framework/web/filters/CFilterChain.php(133): CController->runAction(Object(CInlineAction))
#11 /www/html/sistemaici/yii/framework/web/filters/CFilter.php(40): CFilterChain->run()
#12 /www/html/sistemaici/yii/framework/web/CController.php(1145): CFilter->filter(Object(CFilterChain))
#13 /www/html/sistemaici/yii/framework/web/filters/CInlineFilter.php(58): CController->filterAccessControl(Object(CFilterChain))
#14 /www/html/sistemaici/yii/framework/web/filters/CFilterChain.php(130): CInlineFilter->filter(Object(CFilterChain))
#15 /www/html/sistemaici/yii/framework/web/CController.php(291): CFilterChain->run()
#16 /www/html/sistemaici/yii/framework/web/CController.php(265): CController->runActionWithFilters(Object(CInlineAction), Array)
#17 /www/html/sistemaici/yii/framework/web/CWebApplication.php(282): CController->run('view')
#18 /www/html/sistemaici/yii/framework/web/CWebApplication.php(141): CWebApplication->runController('preinscripcion/...')
#19 /www/html/sistemaici/yii/framework/base/CApplication.php(169): CWebApplication->processRequest()
#20 /www/html/sistemaici/ici/index.php(13): CApplication->run()
#21 {main}
REQUEST_URI=/sistemaici/ici/index.php/preinscripcion/view/qUWj3l_pGfjhg4quyptdCMAfGKeWn7YL6-EN3ql56Qw
HTTP_REFERER=http://arrau.chillan.ubiobio.cl/sistemaici/ici/index.php/preinscripcion/index/
---
2014/02/27 00:05:43 [error] [exception.CException] exception 'CException' with message 'Propiedad "Preinscripcion"."id_inscripcion" no se encuentra definida.' in /www/html/sistemaici/yii/framework/base/CComponent.php:130
Stack trace:
#0 /www/html/sistemaici/yii/framework/db/ar/CActiveRecord.php(143): CComponent->__get('id_inscripcion')
#1 /www/html/sistemaici/ici/protected/views/preinscripcion/view.php(26): CActiveRecord->__get('id_inscripcion')
#2 /www/html/sistemaici/yii/framework/web/CBaseController.php(126): require('/www/html/siste...')
#3 /www/html/sistemaici/yii/framework/web/CBaseController.php(95): CBaseController->renderInternal('/www/html/siste...', Array, true)
#4 /www/html/sistemaici/yii/framework/web/CController.php(869): CBaseController->renderFile('/www/html/siste...', Array, true)
#5 /www/html/sistemaici/ici/protected/controllers/PreinscripcionController.php(53): CController->renderPartial('view', Array, false, true)
#6 [internal function]: PreinscripcionController->actionView('9')
#7 /www/html/sistemaici/yii/framework/web/actions/CAction.php(108): ReflectionMethod->invokeArgs(Object(PreinscripcionController), Array)
#8 /www/html/sistemaici/yii/framework/web/actions/CInlineAction.php(47): CAction->runWithParamsInternal(Object(PreinscripcionController), Object(ReflectionMethod), Array)
#9 /www/html/sistemaici/yii/framework/web/CController.php(308): CInlineAction->runWithParams(Array)
#10 /www/html/sistemaici/yii/framework/web/filters/CFilterChain.php(133): CController->runAction(Object(CInlineAction))
#11 /www/html/sistemaici/yii/framework/web/filters/CFilter.php(40): CFilterChain->run()
#12 /www/html/sistemaici/yii/framework/web/CController.php(1145): CFilter->filter(Object(CFilterChain))
#13 /www/html/sistemaici/yii/framework/web/filters/CInlineFilter.php(58): CController->filterAccessControl(Object(CFilterChain))
#14 /www/html/sistemaici/yii/framework/web/filters/CFilterChain.php(130): CInlineFilter->filter(Object(CFilterChain))
#15 /www/html/sistemaici/yii/framework/web/CController.php(291): CFilterChain->run()
#16 /www/html/sistemaici/yii/framework/web/CController.php(265): CController->runActionWithFilters(Object(CInlineAction), Array)
#17 /www/html/sistemaici/yii/framework/web/CWebApplication.php(282): CController->run('view')
#18 /www/html/sistemaici/yii/framework/web/CWebApplication.php(141): CWebApplication->runController('preinscripcion/...')
#19 /www/html/sistemaici/yii/framework/base/CApplication.php(169): CWebApplication->processRequest()
#20 /www/html/sistemaici/ici/index.php(13): CApplication->run()
#21 {main}
REQUEST_URI=/sistemaici/ici/index.php/preinscripcion/view/qUWj3l_pGfjhg4quyptdCMAfGKeWn7YL6-EN3ql56Qw
HTTP_REFERER=http://arrau.chillan.ubiobio.cl/sistemaici/ici/index.php/preinscripcion/index/
---
2014/02/27 00:05:56 [error] [exception.CException] exception 'CException' with message 'Propiedad "Preinscripcion"."id_inscripcion" no se encuentra definida.' in /www/html/sistemaici/yii/framework/base/CComponent.php:130
Stack trace:
#0 /www/html/sistemaici/yii/framework/db/ar/CActiveRecord.php(143): CComponent->__get('id_inscripcion')
#1 /www/html/sistemaici/ici/protected/views/preinscripcion/view.php(26): CActiveRecord->__get('id_inscripcion')
#2 /www/html/sistemaici/yii/framework/web/CBaseController.php(126): require('/www/html/siste...')
#3 /www/html/sistemaici/yii/framework/web/CBaseController.php(95): CBaseController->renderInternal('/www/html/siste...', Array, true)
#4 /www/html/sistemaici/yii/framework/web/CController.php(869): CBaseController->renderFile('/www/html/siste...', Array, true)
#5 /www/html/sistemaici/ici/protected/controllers/PreinscripcionController.php(53): CController->renderPartial('view', Array, false, true)
#6 [internal function]: PreinscripcionController->actionView('9')
#7 /www/html/sistemaici/yii/framework/web/actions/CAction.php(108): ReflectionMethod->invokeArgs(Object(PreinscripcionController), Array)
#8 /www/html/sistemaici/yii/framework/web/actions/CInlineAction.php(47): CAction->runWithParamsInternal(Object(PreinscripcionController), Object(ReflectionMethod), Array)
#9 /www/html/sistemaici/yii/framework/web/CController.php(308): CInlineAction->runWithParams(Array)
#10 /www/html/sistemaici/yii/framework/web/filters/CFilterChain.php(133): CController->runAction(Object(CInlineAction))
#11 /www/html/sistemaici/yii/framework/web/filters/CFilter.php(40): CFilterChain->run()
#12 /www/html/sistemaici/yii/framework/web/CController.php(1145): CFilter->filter(Object(CFilterChain))
#13 /www/html/sistemaici/yii/framework/web/filters/CInlineFilter.php(58): CController->filterAccessControl(Object(CFilterChain))
#14 /www/html/sistemaici/yii/framework/web/filters/CFilterChain.php(130): CInlineFilter->filter(Object(CFilterChain))
#15 /www/html/sistemaici/yii/framework/web/CController.php(291): CFilterChain->run()
#16 /www/html/sistemaici/yii/framework/web/CController.php(265): CController->runActionWithFilters(Object(CInlineAction), Array)
#17 /www/html/sistemaici/yii/framework/web/CWebApplication.php(282): CController->run('view')
#18 /www/html/sistemaici/yii/framework/web/CWebApplication.php(141): CWebApplication->runController('preinscripcion/...')
#19 /www/html/sistemaici/yii/framework/base/CApplication.php(169): CWebApplication->processRequest()
#20 /www/html/sistemaici/ici/index.php(13): CApplication->run()
#21 {main}
REQUEST_URI=/sistemaici/ici/index.php/preinscripcion/view/qUWj3l_pGfjhg4quyptdCMAfGKeWn7YL6-EN3ql56Qw
---
2014/02/27 00:07:54 [error] [exception.CException] exception 'CException' with message 'Propiedad "Preinscripcion"."id_inscripcion" no se encuentra definida.' in /www/html/sistemaici/yii/framework/base/CComponent.php:130
Stack trace:
#0 /www/html/sistemaici/yii/framework/db/ar/CActiveRecord.php(143): CComponent->__get('id_inscripcion')
#1 /www/html/sistemaici/ici/protected/views/preinscripcion/view.php(26): CActiveRecord->__get('id_inscripcion')
#2 /www/html/sistemaici/yii/framework/web/CBaseController.php(126): require('/www/html/siste...')
#3 /www/html/sistemaici/yii/framework/web/CBaseController.php(95): CBaseController->renderInternal('/www/html/siste...', Array, true)
#4 /www/html/sistemaici/yii/framework/web/CController.php(869): CBaseController->renderFile('/www/html/siste...', Array, true)
#5 /www/html/sistemaici/ici/protected/controllers/PreinscripcionController.php(53): CController->renderPartial('view', Array, false, true)
#6 [internal function]: PreinscripcionController->actionView('9')
#7 /www/html/sistemaici/yii/framework/web/actions/CAction.php(108): ReflectionMethod->invokeArgs(Object(PreinscripcionController), Array)
#8 /www/html/sistemaici/yii/framework/web/actions/CInlineAction.php(47): CAction->runWithParamsInternal(Object(PreinscripcionController), Object(ReflectionMethod), Array)
#9 /www/html/sistemaici/yii/framework/web/CController.php(308): CInlineAction->runWithParams(Array)
#10 /www/html/sistemaici/yii/framework/web/filters/CFilterChain.php(133): CController->runAction(Object(CInlineAction))
#11 /www/html/sistemaici/yii/framework/web/filters/CFilter.php(40): CFilterChain->run()
#12 /www/html/sistemaici/yii/framework/web/CController.php(1145): CFilter->filter(Object(CFilterChain))
#13 /www/html/sistemaici/yii/framework/web/filters/CInlineFilter.php(58): CController->filterAccessControl(Object(CFilterChain))
#14 /www/html/sistemaici/yii/framework/web/filters/CFilterChain.php(130): CInlineFilter->filter(Object(CFilterChain))
#15 /www/html/sistemaici/yii/framework/web/CController.php(291): CFilterChain->run()
#16 /www/html/sistemaici/yii/framework/web/CController.php(265): CController->runActionWithFilters(Object(CInlineAction), Array)
#17 /www/html/sistemaici/yii/framework/web/CWebApplication.php(282): CController->run('view')
#18 /www/html/sistemaici/yii/framework/web/CWebApplication.php(141): CWebApplication->runController('preinscripcion/...')
#19 /www/html/sistemaici/yii/framework/base/CApplication.php(169): CWebApplication->processRequest()
#20 /www/html/sistemaici/ici/index.php(13): CApplication->run()
#21 {main}
REQUEST_URI=/sistemaici/ici/index.php/preinscripcion/view/qUWj3l_pGfjhg4quyptdCMAfGKeWn7YL6-EN3ql56Qw
HTTP_REFERER=http://arrau.chillan.ubiobio.cl/sistemaici/ici/index.php/preinscripcion/admin/
---
2014/02/27 00:10:43 [error] [exception.CException] exception 'CException' with message 'Propiedad "Preinscripcion"."id_inscripcion" no se encuentra definida.' in /www/html/sistemaici/yii/framework/base/CComponent.php:130
Stack trace:
#0 /www/html/sistemaici/yii/framework/db/ar/CActiveRecord.php(143): CComponent->__get('id_inscripcion')
#1 /www/html/sistemaici/ici/protected/views/preinscripcion/view.php(26): CActiveRecord->__get('id_inscripcion')
#2 /www/html/sistemaici/yii/framework/web/CBaseController.php(126): require('/www/html/siste...')
#3 /www/html/sistemaici/yii/framework/web/CBaseController.php(95): CBaseController->renderInternal('/www/html/siste...', Array, true)
#4 /www/html/sistemaici/yii/framework/web/CController.php(869): CBaseController->renderFile('/www/html/siste...', Array, true)
#5 /www/html/sistemaici/ici/protected/controllers/PreinscripcionController.php(53): CController->renderPartial('view', Array, false, true)
#6 [internal function]: PreinscripcionController->actionView('9')
#7 /www/html/sistemaici/yii/framework/web/actions/CAction.php(108): ReflectionMethod->invokeArgs(Object(PreinscripcionController), Array)
#8 /www/html/sistemaici/yii/framework/web/actions/CInlineAction.php(47): CAction->runWithParamsInternal(Object(PreinscripcionController), Object(ReflectionMethod), Array)
#9 /www/html/sistemaici/yii/framework/web/CController.php(308): CInlineAction->runWithParams(Array)
#10 /www/html/sistemaici/yii/framework/web/filters/CFilterChain.php(133): CController->runAction(Object(CInlineAction))
#11 /www/html/sistemaici/yii/framework/web/filters/CFilter.php(40): CFilterChain->run()
#12 /www/html/sistemaici/yii/framework/web/CController.php(1145): CFilter->filter(Object(CFilterChain))
#13 /www/html/sistemaici/yii/framework/web/filters/CInlineFilter.php(58): CController->filterAccessControl(Object(CFilterChain))
#14 /www/html/sistemaici/yii/framework/web/filters/CFilterChain.php(130): CInlineFilter->filter(Object(CFilterChain))
#15 /www/html/sistemaici/yii/framework/web/CController.php(291): CFilterChain->run()
#16 /www/html/sistemaici/yii/framework/web/CController.php(265): CController->runActionWithFilters(Object(CInlineAction), Array)
#17 /www/html/sistemaici/yii/framework/web/CWebApplication.php(282): CController->run('view')
#18 /www/html/sistemaici/yii/framework/web/CWebApplication.php(141): CWebApplication->runController('preinscripcion/...')
#19 /www/html/sistemaici/yii/framework/base/CApplication.php(169): CWebApplication->processRequest()
#20 /www/html/sistemaici/ici/index.php(13): CApplication->run()
#21 {main}
REQUEST_URI=/sistemaici/ici/index.php/preinscripcion/view/qUWj3l_pGfjhg4quyptdCMAfGKeWn7YL6-EN3ql56Qw
---
2014/02/27 00:10:46 [error] [exception.CException] exception 'CException' with message 'Propiedad "Preinscripcion"."id_inscripcion" no se encuentra definida.' in /www/html/sistemaici/yii/framework/base/CComponent.php:130
Stack trace:
#0 /www/html/sistemaici/yii/framework/db/ar/CActiveRecord.php(143): CComponent->__get('id_inscripcion')
#1 /www/html/sistemaici/ici/protected/views/preinscripcion/view.php(26): CActiveRecord->__get('id_inscripcion')
#2 /www/html/sistemaici/yii/framework/web/CBaseController.php(126): require('/www/html/siste...')
#3 /www/html/sistemaici/yii/framework/web/CBaseController.php(95): CBaseController->renderInternal('/www/html/siste...', Array, true)
#4 /www/html/sistemaici/yii/framework/web/CController.php(869): CBaseController->renderFile('/www/html/siste...', Array, true)
#5 /www/html/sistemaici/ici/protected/controllers/PreinscripcionController.php(53): CController->renderPartial('view', Array, false, true)
#6 [internal function]: PreinscripcionController->actionView('9')
#7 /www/html/sistemaici/yii/framework/web/actions/CAction.php(108): ReflectionMethod->invokeArgs(Object(PreinscripcionController), Array)
#8 /www/html/sistemaici/yii/framework/web/actions/CInlineAction.php(47): CAction->runWithParamsInternal(Object(PreinscripcionController), Object(ReflectionMethod), Array)
#9 /www/html/sistemaici/yii/framework/web/CController.php(308): CInlineAction->runWithParams(Array)
#10 /www/html/sistemaici/yii/framework/web/filters/CFilterChain.php(133): CController->runAction(Object(CInlineAction))
#11 /www/html/sistemaici/yii/framework/web/filters/CFilter.php(40): CFilterChain->run()
#12 /www/html/sistemaici/yii/framework/web/CController.php(1145): CFilter->filter(Object(CFilterChain))
#13 /www/html/sistemaici/yii/framework/web/filters/CInlineFilter.php(58): CController->filterAccessControl(Object(CFilterChain))
#14 /www/html/sistemaici/yii/framework/web/filters/CFilterChain.php(130): CInlineFilter->filter(Object(CFilterChain))
#15 /www/html/sistemaici/yii/framework/web/CController.php(291): CFilterChain->run()
#16 /www/html/sistemaici/yii/framework/web/CController.php(265): CController->runActionWithFilters(Object(CInlineAction), Array)
#17 /www/html/sistemaici/yii/framework/web/CWebApplication.php(282): CController->run('view')
#18 /www/html/sistemaici/yii/framework/web/CWebApplication.php(141): CWebApplication->runController('preinscripcion/...')
#19 /www/html/sistemaici/yii/framework/base/CApplication.php(169): CWebApplication->processRequest()
#20 /www/html/sistemaici/ici/index.php(13): CApplication->run()
#21 {main}
REQUEST_URI=/sistemaici/ici/index.php/preinscripcion/view/qUWj3l_pGfjhg4quyptdCMAfGKeWn7YL6-EN3ql56Qw
---
2014/02/27 00:10:57 [error] [exception.CException] exception 'CException' with message 'Propiedad "Preinscripcion"."id_inscripcion" no se encuentra definida.' in /www/html/sistemaici/yii/framework/base/CComponent.php:130
Stack trace:
#0 /www/html/sistemaici/yii/framework/db/ar/CActiveRecord.php(143): CComponent->__get('id_inscripcion')
#1 /www/html/sistemaici/ici/protected/views/preinscripcion/view.php(26): CActiveRecord->__get('id_inscripcion')
#2 /www/html/sistemaici/yii/framework/web/CBaseController.php(126): require('/www/html/siste...')
#3 /www/html/sistemaici/yii/framework/web/CBaseController.php(95): CBaseController->renderInternal('/www/html/siste...', Array, true)
#4 /www/html/sistemaici/yii/framework/web/CController.php(869): CBaseController->renderFile('/www/html/siste...', Array, true)
#5 /www/html/sistemaici/ici/protected/controllers/PreinscripcionController.php(53): CController->renderPartial('view', Array, false, true)
#6 [internal function]: PreinscripcionController->actionView('9')
#7 /www/html/sistemaici/yii/framework/web/actions/CAction.php(108): ReflectionMethod->invokeArgs(Object(PreinscripcionController), Array)
#8 /www/html/sistemaici/yii/framework/web/actions/CInlineAction.php(47): CAction->runWithParamsInternal(Object(PreinscripcionController), Object(ReflectionMethod), Array)
#9 /www/html/sistemaici/yii/framework/web/CController.php(308): CInlineAction->runWithParams(Array)
#10 /www/html/sistemaici/yii/framework/web/filters/CFilterChain.php(133): CController->runAction(Object(CInlineAction))
#11 /www/html/sistemaici/yii/framework/web/filters/CFilter.php(40): CFilterChain->run()
#12 /www/html/sistemaici/yii/framework/web/CController.php(1145): CFilter->filter(Object(CFilterChain))
#13 /www/html/sistemaici/yii/framework/web/filters/CInlineFilter.php(58): CController->filterAccessControl(Object(CFilterChain))
#14 /www/html/sistemaici/yii/framework/web/filters/CFilterChain.php(130): CInlineFilter->filter(Object(CFilterChain))
#15 /www/html/sistemaici/yii/framework/web/CController.php(291): CFilterChain->run()
#16 /www/html/sistemaici/yii/framework/web/CController.php(265): CController->runActionWithFilters(Object(CInlineAction), Array)
#17 /www/html/sistemaici/yii/framework/web/CWebApplication.php(282): CController->run('view')
#18 /www/html/sistemaici/yii/framework/web/CWebApplication.php(141): CWebApplication->runController('preinscripcion/...')
#19 /www/html/sistemaici/yii/framework/base/CApplication.php(169): CWebApplication->processRequest()
#20 /www/html/sistemaici/ici/index.php(13): CApplication->run()
#21 {main}
REQUEST_URI=/sistemaici/ici/index.php/preinscripcion/view/qUWj3l_pGfjhg4quyptdCMAfGKeWn7YL6-EN3ql56Qw
HTTP_REFERER=http://arrau.chillan.ubiobio.cl/sistemaici/ici/index.php/preinscripcion/index/
---
